<?xml version="1.0" encoding="UTF-8"?>
<!-- Generated by org.testng.reporters.JUnitXMLReporter -->
<testsuite hostname="SHRAVIKA" name="Test" tests="7" failures="7" timestamp="1 Oct 2021 12:52:30 GMT" time="0.1" errors="0">
  <testcase name="bookshelves" time="0.03" classname="com.selenium.testbuild.testCases">
    <failure type="java.lang.NullPointerException">
      <![CDATA[java.lang.NullPointerException
	at com.selenium.Test.urbanLadder.clickBookshelves(urbanLadder.java:51)
	at com.selenium.testbuild.testCases.bookshelves(testCases.java:77)
... Removed 25 stack frames]]>
    </failure>
  </testcase> <!-- bookshelves -->
  <testcase name="storage" time="0.002" classname="com.selenium.testbuild.testCases">
    <failure type="java.lang.NullPointerException">
      <![CDATA[java.lang.NullPointerException
	at com.selenium.Test.urbanLadder.storageType(urbanLadder.java:74)
	at com.selenium.testbuild.testCases.storage(testCases.java:99)
... Removed 25 stack frames]]>
    </failure>
  </testcase> <!-- storage -->
  <testcase name="slider" time="0.002" classname="com.selenium.testbuild.testCases">
    <failure type="java.lang.NullPointerException">
      <![CDATA[java.lang.NullPointerException
	at com.selenium.Test.urbanLadder.priceSlider(urbanLadder.java:88)
	at com.selenium.testbuild.testCases.slider(testCases.java:110)
... Removed 25 stack frames]]>
    </failure>
  </testcase> <!-- slider -->
  <testcase name="checkbox" time="0.016" classname="com.selenium.testbuild.testCases">
    <failure type="java.lang.NullPointerException">
      <![CDATA[java.lang.NullPointerException
	at com.selenium.Test.urbanLadder.excludeCheckbox(urbanLadder.java:113)
	at com.selenium.testbuild.testCases.checkbox(testCases.java:121)
... Removed 25 stack frames]]>
    </failure>
  </testcase> <!-- checkbox -->
  <testcase name="printItems" time="0.003" classname="com.selenium.testbuild.testCases">
    <failure type="java.lang.NullPointerException">
      <![CDATA[java.lang.NullPointerException
	at com.selenium.Test.urbanLadder.printFirstThree(urbanLadder.java:121)
	at com.selenium.testbuild.testCases.printItems(testCases.java:132)
... Removed 25 stack frames]]>
    </failure>
  </testcase> <!-- printItems -->
  <testcase name="collections" time="0.003" classname="com.selenium.testbuild.testCases">
    <failure type="java.lang.NullPointerException">
      <![CDATA[java.lang.NullPointerException
	at com.selenium.Test.urbanLadder.collections(urbanLadder.java:137)
	at com.selenium.testbuild.testCases.collections(testCases.java:143)
... Removed 25 stack frames]]>
    </failure>
  </testcase> <!-- collections -->
  <testcase name="printSubmenu" time="0.002" classname="com.selenium.testbuild.testCases">
    <failure type="java.lang.NullPointerException">
      <![CDATA[java.lang.NullPointerException
	at com.selenium.Test.urbanLadder.printOptions(urbanLadder.java:155)
	at com.selenium.testbuild.testCases.printSubmenu(testCases.java:154)
... Removed 25 stack frames]]>
    </failure>
  </testcase> <!-- printSubmenu -->
</testsuite> <!-- Test -->
