<?xml version="1.0" encoding="UTF-8"?>
<!-- Generated by org.testng.reporters.JUnitXMLReporter -->
<testsuite ignored="0" hostname="LAPTOP-2TH9Q1UJ" failures="0" tests="9" name="Test" time="56.7" errors="0" timestamp="2021-10-02T13:37:56 IST">
  <testcase classname="com.selenium.testbuild.testCases" name="popup" time="10.262"/>
  <testcase classname="com.selenium.testbuild.testCases" name="bookshelves" time="2.243"/>
  <testcase classname="com.selenium.testbuild.testCases" name="storage" time="0.825"/>
  <testcase classname="com.selenium.testbuild.testCases" name="slider" time="7.571"/>
  <testcase classname="com.selenium.testbuild.testCases" name="checkbox" time="2.526"/>
  <testcase classname="com.selenium.testbuild.testCases" name="printItems" time="0.917"/>
  <testcase classname="com.selenium.testbuild.testCases" name="collections" time="1.141"/>
  <testcase classname="com.selenium.testbuild.testCases" name="printSubmenu" time="0.267"/>
  <testcase classname="com.selenium.testbuild.testCases" name="giftCard" time="30.865"/>
</testsuite> <!-- Test -->
