<?xml version="1.0" encoding="UTF-8"?>
<!-- Generated by org.testng.reporters.JUnitXMLReporter -->
<testsuite ignored="0" hostname="LAPTOP-2TH9Q1UJ" failures="0" tests="9" name="Test" time="55.773" errors="0" timestamp="2021-10-02T13:28:28 IST">
  <testcase classname="com.selenium.testbuild.testCases" name="popup" time="9.423"/>
  <testcase classname="com.selenium.testbuild.testCases" name="bookshelves" time="2.3"/>
  <testcase classname="com.selenium.testbuild.testCases" name="storage" time="0.778"/>
  <testcase classname="com.selenium.testbuild.testCases" name="slider" time="7.578"/>
  <testcase classname="com.selenium.testbuild.testCases" name="checkbox" time="2.499"/>
  <testcase classname="com.selenium.testbuild.testCases" name="printItems" time="0.936"/>
  <testcase classname="com.selenium.testbuild.testCases" name="collections" time="1.152"/>
  <testcase classname="com.selenium.testbuild.testCases" name="printSubmenu" time="0.274"/>
  <testcase classname="com.selenium.testbuild.testCases" name="giftCard" time="30.771"/>
</testsuite> <!-- Test -->
