<?xml version="1.0" encoding="UTF-8"?>
<!-- Generated by org.testng.reporters.JUnitXMLReporter -->
<testsuite hostname="SHRAVIKA" name="Test" tests="3" failures="3" timestamp="1 Oct 2021 12:22:15 GMT" time="0.097" errors="0">
  <testcase name="validateHomePage" time="0.02" classname="com.selenium.testbuild.testCases">
    <failure type="java.lang.NullPointerException">
      <![CDATA[java.lang.NullPointerException
	at com.selenium.Test.urbanLadder.homePage(urbanLadder.java:36)
	at com.selenium.testbuild.testCases.validateHomePage(testCases.java:37)
... Removed 25 stack frames]]>
    </failure>
  </testcase> <!-- validateHomePage -->
  <testcase name="popup" time="0.03" classname="com.selenium.testbuild.testCases">
    <failure type="java.lang.NullPointerException">
      <![CDATA[java.lang.NullPointerException
	at java.util.Objects.requireNonNull(Unknown Source)
	at org.openqa.selenium.support.ui.FluentWait.<init>(FluentWait.java:106)
	at org.openqa.selenium.support.ui.WebDriverWait.<init>(WebDriverWait.java:85)
	at org.openqa.selenium.support.ui.WebDriverWait.<init>(WebDriverWait.java:45)
	at com.selenium.Test.urbanLadder.closePopup(urbanLadder.java:44)
	at com.selenium.testbuild.testCases.popup(testCases.java:59)
... Removed 25 stack frames]]>
    </failure>
  </testcase> <!-- popup -->
  <testcase name="validateBookshelvesPage" time="0.02" classname="com.selenium.testbuild.testCases">
    <failure type="java.lang.NullPointerException">
      <![CDATA[java.lang.NullPointerException
	at com.selenium.Test.urbanLadder.bookshelvesPage(urbanLadder.java:63)
	at com.selenium.testbuild.testCases.validateBookshelvesPage(testCases.java:48)
... Removed 25 stack frames]]>
    </failure>
  </testcase> <!-- validateBookshelvesPage -->
</testsuite> <!-- Test -->
