<?xml version="1.0" encoding="UTF-8"?>
<testng-results ignored="0" total="12" passed="12" failed="0" skipped="0">
  <reporter-output>
  </reporter-output>
  <suite started-at="2021-10-02T11:47:10 IST" name="Suite" finished-at="2021-10-02T11:48:23 IST" duration-ms="72926">
    <groups>
      <group name="Regression Test">
        <method signature="testCases.bookshelves()[pri:3, instance:com.selenium.testbuild.testCases@13526e59]" name="bookshelves" class="com.selenium.testbuild.testCases"/>
        <method signature="testCases.checkbox()[pri:6, instance:com.selenium.testbuild.testCases@13526e59]" name="checkbox" class="com.selenium.testbuild.testCases"/>
        <method signature="testCases.collections()[pri:8, instance:com.selenium.testbuild.testCases@13526e59]" name="collections" class="com.selenium.testbuild.testCases"/>
        <method signature="testCases.giftCard()[pri:11, instance:com.selenium.testbuild.testCases@13526e59]" name="giftCard" class="com.selenium.testbuild.testCases"/>
        <method signature="testCases.printItems()[pri:7, instance:com.selenium.testbuild.testCases@13526e59]" name="printItems" class="com.selenium.testbuild.testCases"/>
        <method signature="testCases.printSubmenu()[pri:9, instance:com.selenium.testbuild.testCases@13526e59]" name="printSubmenu" class="com.selenium.testbuild.testCases"/>
        <method signature="testCases.slider()[pri:5, instance:com.selenium.testbuild.testCases@13526e59]" name="slider" class="com.selenium.testbuild.testCases"/>
        <method signature="testCases.storage()[pri:4, instance:com.selenium.testbuild.testCases@13526e59]" name="storage" class="com.selenium.testbuild.testCases"/>
      </group> <!-- Regression Test -->
      <group name="Smoke Test">
        <method signature="testCases.aaavalidateHomePage()[pri:0, instance:com.selenium.testbuild.testCases@13526e59]" name="aaavalidateHomePage" class="com.selenium.testbuild.testCases"/>
        <method signature="testCases.bbbvalidateBookshelvesPage()[pri:2, instance:com.selenium.testbuild.testCases@13526e59]" name="bbbvalidateBookshelvesPage" class="com.selenium.testbuild.testCases"/>
        <method signature="testCases.popup()[pri:1, instance:com.selenium.testbuild.testCases@13526e59]" name="popup" class="com.selenium.testbuild.testCases"/>
        <method signature="testCases.validateGiftCardPage()[pri:10, instance:com.selenium.testbuild.testCases@13526e59]" name="validateGiftCardPage" class="com.selenium.testbuild.testCases"/>
      </group> <!-- Smoke Test -->
    </groups>
    <test started-at="2021-10-02T11:47:10 IST" name="Test" finished-at="2021-10-02T11:48:23 IST" duration-ms="72926">
      <class name="com.selenium.testbuild.testCases">
        <test-method is-config="true" signature="setup()[pri:0, instance:com.selenium.testbuild.testCases@13526e59]" started-at="2021-10-02T11:47:00 IST" name="setup" finished-at="2021-10-02T11:47:10 IST" duration-ms="9690" status="PASS">
          <reporter-output>
          </reporter-output>
        </test-method> <!-- setup -->
        <test-method is-config="true" signature="url()[pri:0, instance:com.selenium.testbuild.testCases@13526e59]" started-at="2021-10-02T11:47:10 IST" name="url" finished-at="2021-10-02T11:47:10 IST" duration-ms="3" status="PASS">
          <reporter-output>
          </reporter-output>
        </test-method> <!-- url -->
        <test-method signature="aaavalidateHomePage()[pri:0, instance:com.selenium.testbuild.testCases@13526e59]" started-at="2021-10-02T11:47:10 IST" name="aaavalidateHomePage" finished-at="2021-10-02T11:47:10 IST" duration-ms="291" status="PASS">
          <reporter-output>
          </reporter-output>
        </test-method> <!-- aaavalidateHomePage -->
        <test-method signature="popup()[pri:1, instance:com.selenium.testbuild.testCases@13526e59]" started-at="2021-10-02T11:47:10 IST" name="popup" finished-at="2021-10-02T11:47:21 IST" duration-ms="10600" status="PASS">
          <reporter-output>
          </reporter-output>
        </test-method> <!-- popup -->
        <test-method signature="bbbvalidateBookshelvesPage()[pri:2, instance:com.selenium.testbuild.testCases@13526e59]" started-at="2021-10-02T11:47:21 IST" name="bbbvalidateBookshelvesPage" finished-at="2021-10-02T11:47:24 IST" duration-ms="3389" status="PASS">
          <reporter-output>
          </reporter-output>
        </test-method> <!-- bbbvalidateBookshelvesPage -->
        <test-method signature="bookshelves()[pri:3, instance:com.selenium.testbuild.testCases@13526e59]" started-at="2021-10-02T11:47:24 IST" name="bookshelves" finished-at="2021-10-02T11:47:27 IST" duration-ms="2551" status="PASS">
          <reporter-output>
          </reporter-output>
        </test-method> <!-- bookshelves -->
        <test-method signature="storage()[pri:4, instance:com.selenium.testbuild.testCases@13526e59]" started-at="2021-10-02T11:47:27 IST" name="storage" finished-at="2021-10-02T11:47:29 IST" duration-ms="2183" status="PASS">
          <reporter-output>
          </reporter-output>
        </test-method> <!-- storage -->
        <test-method signature="slider()[pri:5, instance:com.selenium.testbuild.testCases@13526e59]" started-at="2021-10-02T11:47:29 IST" name="slider" finished-at="2021-10-02T11:47:38 IST" duration-ms="8861" status="PASS">
          <reporter-output>
          </reporter-output>
        </test-method> <!-- slider -->
        <test-method signature="checkbox()[pri:6, instance:com.selenium.testbuild.testCases@13526e59]" started-at="2021-10-02T11:47:38 IST" name="checkbox" finished-at="2021-10-02T11:47:41 IST" duration-ms="3412" status="PASS">
          <reporter-output>
          </reporter-output>
        </test-method> <!-- checkbox -->
        <test-method signature="printItems()[pri:7, instance:com.selenium.testbuild.testCases@13526e59]" started-at="2021-10-02T11:47:41 IST" name="printItems" finished-at="2021-10-02T11:47:43 IST" duration-ms="2356" status="PASS">
          <reporter-output>
          </reporter-output>
        </test-method> <!-- printItems -->
        <test-method signature="collections()[pri:8, instance:com.selenium.testbuild.testCases@13526e59]" started-at="2021-10-02T11:47:43 IST" name="collections" finished-at="2021-10-02T11:47:45 IST" duration-ms="1895" status="PASS">
          <reporter-output>
          </reporter-output>
        </test-method> <!-- collections -->
        <test-method signature="printSubmenu()[pri:9, instance:com.selenium.testbuild.testCases@13526e59]" started-at="2021-10-02T11:47:45 IST" name="printSubmenu" finished-at="2021-10-02T11:47:46 IST" duration-ms="735" status="PASS">
          <reporter-output>
          </reporter-output>
        </test-method> <!-- printSubmenu -->
        <test-method signature="validateGiftCardPage()[pri:10, instance:com.selenium.testbuild.testCases@13526e59]" started-at="2021-10-02T11:47:46 IST" name="validateGiftCardPage" finished-at="2021-10-02T11:47:50 IST" duration-ms="4158" status="PASS">
          <reporter-output>
          </reporter-output>
        </test-method> <!-- validateGiftCardPage -->
        <test-method signature="giftCard()[pri:11, instance:com.selenium.testbuild.testCases@13526e59]" started-at="2021-10-02T11:47:50 IST" name="giftCard" finished-at="2021-10-02T11:48:23 IST" duration-ms="32362" status="PASS">
          <reporter-output>
          </reporter-output>
        </test-method> <!-- giftCard -->
        <test-method is-config="true" signature="closeBrowser()[pri:0, instance:com.selenium.testbuild.testCases@13526e59]" started-at="2021-10-02T11:48:23 IST" name="closeBrowser" finished-at="2021-10-02T11:48:25 IST" duration-ms="1966" status="PASS">
          <reporter-output>
          </reporter-output>
        </test-method> <!-- closeBrowser -->
      </class> <!-- com.selenium.testbuild.testCases -->
    </test> <!-- Test -->
  </suite> <!-- Suite -->
</testng-results>
