<?xml version="1.0" encoding="UTF-8"?>
<testsuite xmlns:xsi="http://www.w3.org/2001/XMLSchema-instance" xsi:noNamespaceSchemaLocation="https://maven.apache.org/surefire/maven-surefire-plugin/xsd/surefire-test-report.xsd" name="TestSuite" time="63.944" tests="9" errors="0" skipped="0" failures="0">
  <properties>
[...]
</properties>
  <testcase name="popup" classname="com.selenium.testbuild.testCases" time="10.264"/>
  <testcase name="bookshelves" classname="com.selenium.testbuild.testCases" time="2.241"/>
  <testcase name="storage" classname="com.selenium.testbuild.testCases" time="0.826"/>
  <testcase name="slider" classname="com.selenium.testbuild.testCases" time="7.572"/>
  <testcase name="checkbox" classname="com.selenium.testbuild.testCases" time="2.525"/>
  <testcase name="printItems" classname="com.selenium.testbuild.testCases" time="0.918"/>
  <testcase name="collections" classname="com.selenium.testbuild.testCases" time="1.141"/>
  <testcase name="printSubmenu" classname="com.selenium.testbuild.testCases" time="0.268"/>
  <testcase name="giftCard" classname="com.selenium.testbuild.testCases" time="30.866"/>
</testsuite>